{"/home/xcelore/xshipment/src/enums/event.enum.ts": {"path":"/home/xcelore/xshipment/src/enums/event.enum.ts","statementMap":{"0":{"start":{"line":1,"column":0},"end":{"line":1,"column":null}},"1":{"start":{"line":2,"column":4},"end":{"line":2,"column":null}},"2":{"start":{"line":3,"column":4},"end":{"line":3,"column":null}},"3":{"start":{"line":4,"column":4},"end":{"line":4,"column":null}},"4":{"start":{"line":5,"column":4},"end":{"line":5,"column":null}},"5":{"start":{"line":6,"column":4},"end":{"line":6,"column":null}},"6":{"start":{"line":7,"column":4},"end":{"line":7,"column":null}},"7":{"start":{"line":8,"column":4},"end":{"line":8,"column":null}},"8":{"start":{"line":9,"column":4},"end":{"line":9,"column":null}},"9":{"start":{"line":10,"column":4},"end":{"line":10,"column":null}}},"fnMap":{"0":{"name":"(anonymous_0)","decl":{"start":{"line":1,"column":0},"end":{"line":1,"column":12}},"loc":{"start":{"line":1,"column":22},"end":{"line":11,"column":1}}}},"branchMap":{"0":{"loc":{"start":{"line":1,"column":12},"end":{"line":1,"column":null}},"type":"binary-expr","locations":[{"start":{"line":1,"column":12},"end":{"line":1,"column":22}},{"start":{"line":1,"column":22},"end":{"line":1,"column":null}}]}},"s":{"0":1,"1":1,"2":1,"3":1,"4":1,"5":1,"6":1,"7":1,"8":1,"9":1},"f":{"0":1},"b":{"0":[1,1]}}
,"/home/xcelore/xshipment/src/enums/messages.enum.ts": {"path":"/home/xcelore/xshipment/src/enums/messages.enum.ts","statementMap":{"0":{"start":{"line":1,"column":0},"end":{"line":1,"column":null}},"1":{"start":{"line":2,"column":4},"end":{"line":2,"column":null}},"2":{"start":{"line":3,"column":4},"end":{"line":3,"column":null}},"3":{"start":{"line":4,"column":4},"end":{"line":4,"column":null}},"4":{"start":{"line":5,"column":4},"end":{"line":5,"column":null}},"5":{"start":{"line":6,"column":4},"end":{"line":6,"column":null}},"6":{"start":{"line":7,"column":4},"end":{"line":7,"column":null}},"7":{"start":{"line":8,"column":4},"end":{"line":8,"column":null}},"8":{"start":{"line":9,"column":4},"end":{"line":9,"column":null}},"9":{"start":{"line":10,"column":4},"end":{"line":10,"column":null}},"10":{"start":{"line":11,"column":4},"end":{"line":11,"column":null}},"11":{"start":{"line":12,"column":4},"end":{"line":12,"column":null}},"12":{"start":{"line":13,"column":4},"end":{"line":13,"column":null}},"13":{"start":{"line":14,"column":4},"end":{"line":14,"column":null}},"14":{"start":{"line":15,"column":4},"end":{"line":15,"column":null}},"15":{"start":{"line":16,"column":4},"end":{"line":16,"column":null}},"16":{"start":{"line":17,"column":4},"end":{"line":17,"column":null}},"17":{"start":{"line":18,"column":4},"end":{"line":18,"column":null}}},"fnMap":{"0":{"name":"(anonymous_0)","decl":{"start":{"line":1,"column":0},"end":{"line":1,"column":12}},"loc":{"start":{"line":1,"column":20},"end":{"line":19,"column":1}}}},"branchMap":{"0":{"loc":{"start":{"line":1,"column":12},"end":{"line":1,"column":null}},"type":"binary-expr","locations":[{"start":{"line":1,"column":12},"end":{"line":1,"column":20}},{"start":{"line":1,"column":20},"end":{"line":1,"column":null}}]}},"s":{"0":1,"1":1,"2":1,"3":1,"4":1,"5":1,"6":1,"7":1,"8":1,"9":1,"10":1,"11":1,"12":1,"13":1,"14":1,"15":1,"16":1,"17":1},"f":{"0":1},"b":{"0":[1,1]}}
,"/home/xcelore/xshipment/src/enums/options.enum.ts": {"path":"/home/xcelore/xshipment/src/enums/options.enum.ts","statementMap":{"0":{"start":{"line":1,"column":0},"end":{"line":1,"column":null}},"1":{"start":{"line":2,"column":4},"end":{"line":2,"column":null}},"2":{"start":{"line":3,"column":4},"end":{"line":3,"column":null}},"3":{"start":{"line":4,"column":4},"end":{"line":4,"column":null}},"4":{"start":{"line":5,"column":4},"end":{"line":5,"column":null}},"5":{"start":{"line":6,"column":4},"end":{"line":6,"column":null}},"6":{"start":{"line":7,"column":4},"end":{"line":7,"column":null}},"7":{"start":{"line":8,"column":4},"end":{"line":8,"column":null}},"8":{"start":{"line":9,"column":4},"end":{"line":9,"column":null}},"9":{"start":{"line":10,"column":4},"end":{"line":10,"column":null}},"10":{"start":{"line":13,"column":0},"end":{"line":13,"column":null}},"11":{"start":{"line":14,"column":4},"end":{"line":14,"column":null}},"12":{"start":{"line":17,"column":0},"end":{"line":17,"column":null}},"13":{"start":{"line":18,"column":4},"end":{"line":18,"column":null}},"14":{"start":{"line":19,"column":4},"end":{"line":19,"column":null}},"15":{"start":{"line":20,"column":4},"end":{"line":20,"column":null}},"16":{"start":{"line":21,"column":4},"end":{"line":21,"column":null}},"17":{"start":{"line":22,"column":4},"end":{"line":22,"column":null}},"18":{"start":{"line":23,"column":4},"end":{"line":23,"column":null}},"19":{"start":{"line":24,"column":4},"end":{"line":24,"column":null}},"20":{"start":{"line":27,"column":0},"end":{"line":27,"column":null}},"21":{"start":{"line":28,"column":4},"end":{"line":28,"column":null}},"22":{"start":{"line":29,"column":4},"end":{"line":29,"column":null}},"23":{"start":{"line":30,"column":4},"end":{"line":30,"column":null}},"24":{"start":{"line":31,"column":4},"end":{"line":31,"column":null}},"25":{"start":{"line":32,"column":4},"end":{"line":32,"column":null}}},"fnMap":{"0":{"name":"(anonymous_0)","decl":{"start":{"line":1,"column":0},"end":{"line":1,"column":12}},"loc":{"start":{"line":1,"column":19},"end":{"line":11,"column":1}}},"1":{"name":"(anonymous_1)","decl":{"start":{"line":13,"column":0},"end":{"line":13,"column":12}},"loc":{"start":{"line":13,"column":16},"end":{"line":15,"column":1}}},"2":{"name":"(anonymous_2)","decl":{"start":{"line":17,"column":0},"end":{"line":17,"column":12}},"loc":{"start":{"line":17,"column":21},"end":{"line":25,"column":1}}},"3":{"name":"(anonymous_3)","decl":{"start":{"line":27,"column":0},"end":{"line":27,"column":12}},"loc":{"start":{"line":27,"column":17},"end":{"line":33,"column":1}}}},"branchMap":{"0":{"loc":{"start":{"line":1,"column":12},"end":{"line":1,"column":null}},"type":"binary-expr","locations":[{"start":{"line":1,"column":12},"end":{"line":1,"column":19}},{"start":{"line":1,"column":19},"end":{"line":1,"column":null}}]},"1":{"loc":{"start":{"line":13,"column":12},"end":{"line":13,"column":null}},"type":"binary-expr","locations":[{"start":{"line":13,"column":12},"end":{"line":13,"column":16}},{"start":{"line":13,"column":16},"end":{"line":13,"column":null}}]},"2":{"loc":{"start":{"line":17,"column":12},"end":{"line":17,"column":null}},"type":"binary-expr","locations":[{"start":{"line":17,"column":12},"end":{"line":17,"column":21}},{"start":{"line":17,"column":21},"end":{"line":17,"column":null}}]},"3":{"loc":{"start":{"line":27,"column":12},"end":{"line":27,"column":null}},"type":"binary-expr","locations":[{"start":{"line":27,"column":12},"end":{"line":27,"column":17}},{"start":{"line":27,"column":17},"end":{"line":27,"column":null}}]}},"s":{"0":3,"1":3,"2":3,"3":3,"4":3,"5":3,"6":3,"7":3,"8":3,"9":3,"10":3,"11":3,"12":3,"13":3,"14":3,"15":3,"16":3,"17":3,"18":3,"19":3,"20":3,"21":3,"22":3,"23":3,"24":3,"25":3},"f":{"0":3,"1":3,"2":3,"3":3},"b":{"0":[3,3],"1":[3,3],"2":[3,3],"3":[3,3]}}
,"/home/xcelore/xshipment/src/enums/orders.enum.ts": {"path":"/home/xcelore/xshipment/src/enums/orders.enum.ts","statementMap":{"0":{"start":{"line":1,"column":0},"end":{"line":1,"column":null}},"1":{"start":{"line":2,"column":4},"end":{"line":2,"column":null}},"2":{"start":{"line":3,"column":4},"end":{"line":3,"column":null}},"3":{"start":{"line":4,"column":4},"end":{"line":4,"column":null}}},"fnMap":{"0":{"name":"(anonymous_0)","decl":{"start":{"line":1,"column":0},"end":{"line":1,"column":12}},"loc":{"start":{"line":1,"column":18},"end":{"line":5,"column":1}}}},"branchMap":{"0":{"loc":{"start":{"line":1,"column":12},"end":{"line":1,"column":null}},"type":"binary-expr","locations":[{"start":{"line":1,"column":12},"end":{"line":1,"column":18}},{"start":{"line":1,"column":18},"end":{"line":1,"column":null}}]}},"s":{"0":2,"1":2,"2":2,"3":2},"f":{"0":2},"b":{"0":[2,2]}}
,"/home/xcelore/xshipment/src/enums/warnings.enum.ts": {"path":"/home/xcelore/xshipment/src/enums/warnings.enum.ts","statementMap":{"0":{"start":{"line":1,"column":0},"end":{"line":1,"column":null}},"1":{"start":{"line":2,"column":4},"end":{"line":2,"column":null}},"2":{"start":{"line":3,"column":4},"end":{"line":3,"column":null}},"3":{"start":{"line":4,"column":4},"end":{"line":4,"column":null}},"4":{"start":{"line":5,"column":4},"end":{"line":5,"column":null}},"5":{"start":{"line":6,"column":4},"end":{"line":6,"column":null}},"6":{"start":{"line":7,"column":4},"end":{"line":7,"column":null}},"7":{"start":{"line":8,"column":4},"end":{"line":8,"column":null}},"8":{"start":{"line":9,"column":4},"end":{"line":9,"column":null}},"9":{"start":{"line":10,"column":4},"end":{"line":10,"column":null}},"10":{"start":{"line":11,"column":4},"end":{"line":11,"column":null}},"11":{"start":{"line":12,"column":4},"end":{"line":12,"column":null}},"12":{"start":{"line":13,"column":4},"end":{"line":13,"column":null}},"13":{"start":{"line":14,"column":4},"end":{"line":14,"column":null}},"14":{"start":{"line":15,"column":4},"end":{"line":15,"column":null}},"15":{"start":{"line":16,"column":4},"end":{"line":16,"column":null}},"16":{"start":{"line":17,"column":4},"end":{"line":17,"column":null}}},"fnMap":{"0":{"name":"(anonymous_0)","decl":{"start":{"line":1,"column":0},"end":{"line":1,"column":12}},"loc":{"start":{"line":1,"column":21},"end":{"line":19,"column":1}}}},"branchMap":{"0":{"loc":{"start":{"line":1,"column":12},"end":{"line":1,"column":null}},"type":"binary-expr","locations":[{"start":{"line":1,"column":12},"end":{"line":1,"column":21}},{"start":{"line":1,"column":21},"end":{"line":1,"column":null}}]}},"s":{"0":2,"1":2,"2":2,"3":2,"4":2,"5":2,"6":2,"7":2,"8":2,"9":2,"10":2,"11":2,"12":2,"13":2,"14":2,"15":2,"16":2},"f":{"0":2},"b":{"0":[2,2]}}
,"/home/xcelore/xshipment/src/events/eventBus.event.ts": {"path":"/home/xcelore/xshipment/src/events/eventBus.event.ts","statementMap":{"0":{"start":{"line":1,"column":0},"end":{"line":1,"column":38}},"1":{"start":{"line":5,"column":13},"end":{"line":5,"column":39}}},"fnMap":{},"branchMap":{},"s":{"0":1,"1":1},"f":{},"b":{}}
,"/home/xcelore/xshipment/src/models/inventory.model.ts": {"path":"/home/xcelore/xshipment/src/models/inventory.model.ts","statementMap":{"0":{"start":{"line":1,"column":0},"end":{"line":1,"column":54}},"1":{"start":{"line":3,"column":0},"end":{"line":3,"column":48}},"2":{"start":{"line":6,"column":24},"end":{"line":10,"column":2}},"3":{"start":{"line":12,"column":13},"end":{"line":12,"column":102}}},"fnMap":{},"branchMap":{},"s":{"0":1,"1":1,"2":1,"3":1},"f":{},"b":{}}
,"/home/xcelore/xshipment/src/models/order.model.ts": {"path":"/home/xcelore/xshipment/src/models/order.model.ts","statementMap":{"0":{"start":{"line":1,"column":0},"end":{"line":1,"column":54}},"1":{"start":{"line":2,"column":0},"end":{"line":2,"column":22}},"2":{"start":{"line":4,"column":0},"end":{"line":4,"column":46}},"3":{"start":{"line":6,"column":0},"end":{"line":6,"column":48}},"4":{"start":{"line":9,"column":20},"end":{"line":20,"column":2}},"5":{"start":{"line":22,"column":13},"end":{"line":22,"column":86}},"6":{"start":{"line":25,"column":13},"end":{"line":34,"column":3}},"7":{"start":{"line":36,"column":13},"end":{"line":38,"column":3}}},"fnMap":{},"branchMap":{},"s":{"0":1,"1":1,"2":1,"3":1,"4":1,"5":1,"6":1,"7":1},"f":{},"b":{}}
,"/home/xcelore/xshipment/src/models/radisdb.ts": {"path":"/home/xcelore/xshipment/src/models/radisdb.ts","statementMap":{"0":{"start":{"line":1,"column":0},"end":{"line":1,"column":28}},"1":{"start":{"line":3,"column":20},"end":{"line":6,"column":2}},"2":{"start":{"line":8,"column":0},"end":{"line":8,"column":27}}},"fnMap":{},"branchMap":{},"s":{"0":1,"1":1,"2":1},"f":{},"b":{}}
,"/home/xcelore/xshipment/src/services/inventory.service.ts": {"path":"/home/xcelore/xshipment/src/services/inventory.service.ts","statementMap":{"0":{"start":{"line":2,"column":0},"end":{"line":2,"column":54}},"1":{"start":{"line":3,"column":0},"end":{"line":3,"column":37}},"2":{"start":{"line":4,"column":0},"end":{"line":4,"column":51}},"3":{"start":{"line":6,"column":30},"end":{"line":23,"column":2}},"4":{"start":{"line":6,"column":110},"end":{"line":23,"column":2}},"5":{"start":{"line":7,"column":26},"end":{"line":14,"column":6}},"6":{"start":{"line":7,"column":51},"end":{"line":14,"column":6}},"7":{"start":{"line":8,"column":24},"end":{"line":8,"column":78}},"8":{"start":{"line":9,"column":8},"end":{"line":12,"column":9}},"9":{"start":{"line":10,"column":12},"end":{"line":10,"column":82}},"10":{"start":{"line":11,"column":12},"end":{"line":11,"column":93}},"11":{"start":{"line":13,"column":8},"end":{"line":13,"column":29}},"12":{"start":{"line":16,"column":23},"end":{"line":16,"column":55}},"13":{"start":{"line":18,"column":24},"end":{"line":18,"column":81}},"14":{"start":{"line":18,"column":61},"end":{"line":18,"column":77}},"15":{"start":{"line":20,"column":4},"end":{"line":22,"column":5}},"16":{"start":{"line":21,"column":8},"end":{"line":21,"column":81}},"17":{"start":{"line":6,"column":13},"end":{"line":6,"column":30}},"18":{"start":{"line":25,"column":34},"end":{"line":48,"column":2}},"19":{"start":{"line":28,"column":4},"end":{"line":48,"column":2}},"20":{"start":{"line":29,"column":27},"end":{"line":45,"column":6}},"21":{"start":{"line":29,"column":52},"end":{"line":45,"column":6}},"22":{"start":{"line":30,"column":29},"end":{"line":30,"column":77}},"23":{"start":{"line":31,"column":8},"end":{"line":33,"column":9}},"24":{"start":{"line":32,"column":12},"end":{"line":32,"column":42}},"25":{"start":{"line":35,"column":24},"end":{"line":35,"column":49}},"26":{"start":{"line":37,"column":8},"end":{"line":40,"column":9}},"27":{"start":{"line":38,"column":12},"end":{"line":38,"column":82}},"28":{"start":{"line":39,"column":12},"end":{"line":39,"column":93}},"29":{"start":{"line":42,"column":8},"end":{"line":42,"column":39}},"30":{"start":{"line":44,"column":8},"end":{"line":44,"column":41}},"31":{"start":{"line":47,"column":4},"end":{"line":47,"column":38}},"32":{"start":{"line":25,"column":13},"end":{"line":25,"column":34}}},"fnMap":{"0":{"name":"(anonymous_8)","decl":{"start":{"line":6,"column":30},"end":{"line":6,"column":37}},"loc":{"start":{"line":6,"column":110},"end":{"line":23,"column":2}}},"1":{"name":"(anonymous_9)","decl":{"start":{"line":6,"column":110},"end":{"line":6,"column":null}},"loc":{"start":{"line":6,"column":110},"end":{"line":23,"column":1}}},"2":{"name":"(anonymous_10)","decl":{"start":{"line":7,"column":36},"end":{"line":7,"column":43}},"loc":{"start":{"line":7,"column":51},"end":{"line":14,"column":6}}},"3":{"name":"(anonymous_11)","decl":{"start":{"line":7,"column":51},"end":{"line":7,"column":null}},"loc":{"start":{"line":7,"column":51},"end":{"line":14,"column":5}}},"4":{"name":"(anonymous_12)","decl":{"start":{"line":18,"column":42},"end":{"line":18,"column":43}},"loc":{"start":{"line":18,"column":61},"end":{"line":18,"column":77}}},"5":{"name":"(anonymous_13)","decl":{"start":{"line":25,"column":34},"end":{"line":25,"column":null}},"loc":{"start":{"line":28,"column":4},"end":{"line":48,"column":2}}},"6":{"name":"(anonymous_14)","decl":{"start":{"line":28,"column":4},"end":{"line":28,"column":null}},"loc":{"start":{"line":28,"column":4},"end":{"line":48,"column":1}}},"7":{"name":"(anonymous_15)","decl":{"start":{"line":29,"column":37},"end":{"line":29,"column":44}},"loc":{"start":{"line":29,"column":52},"end":{"line":45,"column":6}}},"8":{"name":"(anonymous_16)","decl":{"start":{"line":29,"column":52},"end":{"line":29,"column":null}},"loc":{"start":{"line":29,"column":52},"end":{"line":45,"column":5}}}},"branchMap":{"0":{"loc":{"start":{"line":9,"column":8},"end":{"line":12,"column":9}},"type":"if","locations":[{"start":{"line":9,"column":8},"end":{"line":12,"column":9}}]},"1":{"loc":{"start":{"line":9,"column":12},"end":{"line":9,"column":53}},"type":"binary-expr","locations":[{"start":{"line":9,"column":12},"end":{"line":9,"column":20}},{"start":{"line":9,"column":24},"end":{"line":9,"column":53}}]},"2":{"loc":{"start":{"line":20,"column":4},"end":{"line":22,"column":5}},"type":"if","locations":[{"start":{"line":20,"column":4},"end":{"line":22,"column":5}}]},"3":{"loc":{"start":{"line":31,"column":8},"end":{"line":33,"column":9}},"type":"if","locations":[{"start":{"line":31,"column":8},"end":{"line":33,"column":9}}]},"4":{"loc":{"start":{"line":37,"column":8},"end":{"line":40,"column":9}},"type":"if","locations":[{"start":{"line":37,"column":8},"end":{"line":40,"column":9}}]},"5":{"loc":{"start":{"line":37,"column":12},"end":{"line":37,"column":53}},"type":"binary-expr","locations":[{"start":{"line":37,"column":12},"end":{"line":37,"column":20}},{"start":{"line":37,"column":24},"end":{"line":37,"column":53}}]}},"s":{"0":1,"1":1,"2":1,"3":1,"4":0,"5":0,"6":0,"7":0,"8":0,"9":0,"10":0,"11":0,"12":0,"13":0,"14":0,"15":0,"16":0,"17":1,"18":1,"19":0,"20":0,"21":0,"22":0,"23":0,"24":0,"25":0,"26":0,"27":0,"28":0,"29":0,"30":0,"31":0,"32":1},"f":{"0":0,"1":0,"2":0,"3":0,"4":0,"5":0,"6":0,"7":0,"8":0},"b":{"0":[0],"1":[0,0],"2":[0],"3":[0],"4":[0],"5":[0,0]}}
,"/home/xcelore/xshipment/src/services/order.services.ts": {"path":"/home/xcelore/xshipment/src/services/order.services.ts","statementMap":{"0":{"start":{"line":1,"column":0},"end":{"line":1,"column":46}},"1":{"start":{"line":2,"column":0},"end":{"line":2,"column":36}},"2":{"start":{"line":3,"column":0},"end":{"line":3,"column":73}},"3":{"start":{"line":4,"column":0},"end":{"line":4,"column":44}},"4":{"start":{"line":5,"column":0},"end":{"line":5,"column":37}},"5":{"start":{"line":6,"column":0},"end":{"line":6,"column":50}},"6":{"start":{"line":7,"column":0},"end":{"line":7,"column":51}},"7":{"start":{"line":8,"column":0},"end":{"line":8,"column":46}},"8":{"start":{"line":9,"column":0},"end":{"line":9,"column":49}},"9":{"start":{"line":10,"column":0},"end":{"line":10,"column":52}},"10":{"start":{"line":13,"column":27},"end":{"line":35,"column":2}},"11":{"start":{"line":17,"column":4},"end":{"line":35,"column":2}},"12":{"start":{"line":18,"column":4},"end":{"line":34,"column":5}},"13":{"start":{"line":22,"column":8},"end":{"line":22,"column":49}},"14":{"start":{"line":23,"column":22},"end":{"line":29,"column":10}},"15":{"start":{"line":30,"column":8},"end":{"line":30,"column":58}},"16":{"start":{"line":31,"column":8},"end":{"line":31,"column":21}},"17":{"start":{"line":33,"column":8},"end":{"line":33,"column":20}},"18":{"start":{"line":13,"column":13},"end":{"line":13,"column":27}},"19":{"start":{"line":39,"column":28},"end":{"line":57,"column":2}},"20":{"start":{"line":39,"column":54},"end":{"line":57,"column":2}},"21":{"start":{"line":40,"column":21},"end":{"line":40,"column":39}},"22":{"start":{"line":42,"column":24},"end":{"line":42,"column":55}},"23":{"start":{"line":43,"column":4},"end":{"line":46,"column":5}},"24":{"start":{"line":44,"column":8},"end":{"line":44,"column":null}},"25":{"start":{"line":45,"column":8},"end":{"line":45,"column":39}},"26":{"start":{"line":48,"column":18},"end":{"line":48,"column":50}},"27":{"start":{"line":49,"column":4},"end":{"line":52,"column":5}},"28":{"start":{"line":50,"column":8},"end":{"line":50,"column":null}},"29":{"start":{"line":51,"column":8},"end":{"line":51,"column":50}},"30":{"start":{"line":54,"column":4},"end":{"line":54,"column":70}},"31":{"start":{"line":56,"column":4},"end":{"line":56,"column":17}},"32":{"start":{"line":39,"column":13},"end":{"line":39,"column":28}},"33":{"start":{"line":60,"column":33},"end":{"line":62,"column":2}},"34":{"start":{"line":60,"column":75},"end":{"line":62,"column":2}},"35":{"start":{"line":61,"column":4},"end":{"line":61,"column":51}},"36":{"start":{"line":60,"column":13},"end":{"line":60,"column":33}}},"fnMap":{"0":{"name":"(anonymous_8)","decl":{"start":{"line":13,"column":27},"end":{"line":13,"column":null}},"loc":{"start":{"line":17,"column":4},"end":{"line":35,"column":2}}},"1":{"name":"(anonymous_9)","decl":{"start":{"line":17,"column":4},"end":{"line":17,"column":null}},"loc":{"start":{"line":17,"column":4},"end":{"line":35,"column":1}}},"2":{"name":"(anonymous_10)","decl":{"start":{"line":39,"column":28},"end":{"line":39,"column":35}},"loc":{"start":{"line":39,"column":54},"end":{"line":57,"column":2}}},"3":{"name":"(anonymous_11)","decl":{"start":{"line":39,"column":54},"end":{"line":39,"column":null}},"loc":{"start":{"line":39,"column":54},"end":{"line":57,"column":1}}},"4":{"name":"(anonymous_12)","decl":{"start":{"line":60,"column":33},"end":{"line":60,"column":40}},"loc":{"start":{"line":60,"column":75},"end":{"line":62,"column":2}}},"5":{"name":"(anonymous_13)","decl":{"start":{"line":60,"column":75},"end":{"line":60,"column":null}},"loc":{"start":{"line":60,"column":75},"end":{"line":62,"column":1}}}},"branchMap":{"0":{"loc":{"start":{"line":43,"column":4},"end":{"line":46,"column":5}},"type":"if","locations":[{"start":{"line":43,"column":4},"end":{"line":46,"column":5}}]},"1":{"loc":{"start":{"line":49,"column":4},"end":{"line":52,"column":5}},"type":"if","locations":[{"start":{"line":49,"column":4},"end":{"line":52,"column":5}}]}},"s":{"0":1,"1":1,"2":1,"3":1,"4":1,"5":1,"6":1,"7":1,"8":1,"9":1,"10":1,"11":2,"12":2,"13":2,"14":1,"15":1,"16":1,"17":1,"18":1,"19":1,"20":3,"21":3,"22":3,"23":3,"24":1,"25":1,"26":2,"27":2,"28":1,"29":1,"30":1,"31":1,"32":1,"33":1,"34":2,"35":2,"36":1},"f":{"0":2,"1":2,"2":3,"3":3,"4":2,"5":2},"b":{"0":[1],"1":[1]}}
,"/home/xcelore/xshipment/src/utils/logger.ts": {"path":"/home/xcelore/xshipment/src/utils/logger.ts","statementMap":{"0":{"start":{"line":1,"column":0},"end":{"line":1,"column":59}},"1":{"start":{"line":2,"column":0},"end":{"line":2,"column":54}},"2":{"start":{"line":4,"column":49},"end":{"line":4,"column":55}},"3":{"start":{"line":6,"column":18},"end":{"line":8,"column":2}},"4":{"start":{"line":7,"column":4},"end":{"line":7,"column":63}},"5":{"start":{"line":10,"column":15},"end":{"line":21,"column":2}},"6":{"start":{"line":23,"column":0},"end":{"line":23,"column":22}}},"fnMap":{"0":{"name":"(anonymous_0)","decl":{"start":{"line":6,"column":25},"end":{"line":6,"column":26}},"loc":{"start":{"line":6,"column":59},"end":{"line":8,"column":1}}}},"branchMap":{},"s":{"0":2,"1":2,"2":2,"3":2,"4":2,"5":2,"6":2},"f":{"0":2},"b":{}}
}
